# JRE version: OpenJDK Runtime Environment (21.0.1+12) (build 21.0.1+12-29)
# Java VM: OpenJDK 64-Bit Server VM (21.0.1+12-29, mixed mode, sharing, tiered, compressed oops, compressed class ptrs, g1 gc, windows-amd64)
GC Precious Log:
 CardTable entry size: 512
 Card Set container configuration: InlinePtr #cards 4 size 8 Array Of Cards #cards 16 size 48 Howl #buckets 8 coarsen threshold 3686 Howl Bitmap #cards 512 size 80 coarsen threshold 460 Card regions per heap region 1 cards per card region 4096
 CPUs: 20 total, 20 available
 Memory: 16108M
 Large Page Support: Disabled
 NUMA Support: Disabled
 Compressed Oops: Enabled (Zero based)
 Heap Region Size: 2M
 Heap Min Capacity: 8M
 Heap Initial Capacity: 252M
 Heap Max Capacity: 4028M
 Pre-touch: Disabled
 Parallel Workers: 15
 Concurrent Workers: 4
 Concurrent Refinement Workers: 15
 Periodic GC: Disabled
Heap:
 garbage-first heap   total 372736K, used 239863K [0x0000000704400000, 0x0000000800000000)
  region size 2048K, 41 young (83968K), 7 survivors (14336K)
 Metaspace       used 51555K, committed 52416K, reserved 1114112K
  class space    used 6426K, committed 6848K, reserved 1048576K
GC Heap History (20 events):
Event: 10005.159 GC heap before
{Heap before GC invocations=1169 (full 0):
 garbage-first heap   total 372736K, used 337764K [0x0000000704400000, 0x0000000800000000)
  region size 2048K, 87 young (178176K), 6 survivors (12288K)
 Metaspace       used 51542K, committed 52416K, reserved 1114112K
  class space    used 6424K, committed 6848K, reserved 1048576K
}
Event: 10005.167 GC heap after
{Heap after GC invocations=1170 (full 0):
 garbage-first heap   total 372736K, used 171663K [0x0000000704400000, 0x0000000800000000)
  region size 2048K, 6 young (12288K), 6 survivors (12288K)
 Metaspace       used 51542K, committed 52416K, reserved 1114112K
  class space    used 6424K, committed 6848K, reserved 1048576K
}
Event: 10017.156 GC heap before
{Heap before GC invocations=1170 (full 0):
 garbage-first heap   total 372736K, used 337551K [0x0000000704400000, 0x0000000800000000)
  region size 2048K, 87 young (178176K), 6 survivors (12288K)
 Metaspace       used 51542K, committed 52416K, reserved 1114112K
  class space    used 6424K, committed 6848K, reserved 1048576K
}
Event: 10017.162 GC heap after
{Heap after GC invocations=1171 (full 0):
 garbage-first heap   total 372736K, used 173290K [0x0000000704400000, 0x0000000800000000)
  region size 2048K, 7 young (14336K), 7 survivors (14336K)
 Metaspace       used 51542K, committed 52416K, reserved 1114112K
  class space    used 6424K, committed 6848K, reserved 1048576K
}
Event: 10034.868 GC heap before
{Heap before GC invocations=1171 (full 0):
 garbage-first heap   total 372736K, used 335082K [0x0000000704400000, 0x0000000800000000)
  region size 2048K, 86 young (176128K), 7 survivors (14336K)
 Metaspace       used 51542K, committed 52416K, reserved 1114112K
  class space    used 6424K, committed 6848K, reserved 1048576K
}
Event: 10034.875 GC heap after
{Heap after GC invocations=1172 (full 0):
 garbage-first heap   total 372736K, used 171598K [0x0000000704400000, 0x0000000800000000)
  region size 2048K, 6 young (12288K), 6 survivors (12288K)
 Metaspace       used 51542K, committed 52416K, reserved 1114112K
  class space    used 6424K, committed 6848K, reserved 1048576K
}
Event: 10044.146 GC heap before
{Heap before GC invocations=1172 (full 0):
 garbage-first heap   total 372736K, used 337486K [0x0000000704400000, 0x0000000800000000)
  region size 2048K, 87 young (178176K), 6 survivors (12288K)
 Metaspace       used 51542K, committed 52416K, reserved 1114112K
  class space    used 6424K, committed 6848K, reserved 1048576K
}
Event: 10044.151 GC heap after
{Heap after GC invocations=1173 (full 0):
 garbage-first heap   total 372736K, used 171897K [0x0000000704400000, 0x0000000800000000)
  region size 2048K, 6 young (12288K), 6 survivors (12288K)
 Metaspace       used 51542K, committed 52416K, reserved 1114112K
  class space    used 6424K, committed 6848K, reserved 1048576K
}
Event: 10059.342 GC heap before
{Heap before GC invocations=1173 (full 0):
 garbage-first heap   total 372736K, used 335737K [0x0000000704400000, 0x0000000800000000)
  region size 2048K, 87 young (178176K), 6 survivors (12288K)
 Metaspace       used 51542K, committed 52416K, reserved 1114112K
  class space    used 6424K, committed 6848K, reserved 1048576K
}
Event: 10059.351 GC heap after
{Heap after GC invocations=1174 (full 0):
 garbage-first heap   total 372736K, used 171902K [0x0000000704400000, 0x0000000800000000)
  region size 2048K, 6 young (12288K), 6 survivors (12288K)
 Metaspace       used 51542K, committed 52416K, reserved 1114112K
  class space    used 6424K, committed 6848K, reserved 1048576K
}
Event: 10068.160 GC heap before
{Heap before GC invocations=1174 (full 0):
 garbage-first heap   total 372736K, used 335742K [0x0000000704400000, 0x0000000800000000)
  region size 2048K, 87 young (178176K), 6 survivors (12288K)
 Metaspace       used 51542K, committed 52416K, reserved 1114112K
  class space    used 6424K, committed 6848K, reserved 1048576K
}
Event: 10068.170 GC heap after
{Heap after GC invocations=1175 (full 0):
 garbage-first heap   total 372736K, used 172017K [0x0000000704400000, 0x0000000800000000)
  region size 2048K, 6 young (12288K), 6 survivors (12288K)
 Metaspace       used 51542K, committed 52416K, reserved 1114112K
  class space    used 6424K, committed 6848K, reserved 1048576K
}
Event: 10077.140 GC heap before
{Heap before GC invocations=1175 (full 0):
 garbage-first heap   total 372736K, used 335857K [0x0000000704400000, 0x0000000800000000)
  region size 2048K, 87 young (178176K), 6 survivors (12288K)
 Metaspace       used 51542K, committed 52416K, reserved 1114112K
  class space    used 6424K, committed 6848K, reserved 1048576K
}
Event: 10077.152 GC heap after
{Heap after GC invocations=1176 (full 0):
 garbage-first heap   total 372736K, used 170954K [0x0000000704400000, 0x0000000800000000)
  region size 2048K, 6 young (12288K), 6 survivors (12288K)
 Metaspace       used 51542K, committed 52416K, reserved 1114112K
  class space    used 6424K, committed 6848K, reserved 1048576K
}
Event: 10087.378 GC heap before
{Heap before GC invocations=1176 (full 0):
 garbage-first heap   total 372736K, used 336842K [0x0000000704400000, 0x0000000800000000)
  region size 2048K, 87 young (178176K), 6 survivors (12288K)
 Metaspace       used 51542K, committed 52416K, reserved 1114112K
  class space    used 6424K, committed 6848K, reserved 1048576K
}
Event: 10087.397 GC heap after
{Heap after GC invocations=1177 (full 0):
 garbage-first heap   total 372736K, used 171205K [0x0000000704400000, 0x0000000800000000)
  region size 2048K, 6 young (12288K), 6 survivors (12288K)
 Metaspace       used 51542K, committed 52416K, reserved 1114112K
  class space    used 6424K, committed 6848K, reserved 1048576K
}
Event: 10096.614 GC heap before
{Heap before GC invocations=1177 (full 0):
 garbage-first heap   total 372736K, used 335045K [0x0000000704400000, 0x0000000800000000)
  region size 2048K, 87 young (178176K), 6 survivors (12288K)
 Metaspace       used 51542K, committed 52416K, reserved 1114112K
  class space    used 6424K, committed 6848K, reserved 1048576K
}
Event: 10096.628 GC heap after
{Heap after GC invocations=1178 (full 0):
 garbage-first heap   total 372736K, used 173257K [0x0000000704400000, 0x0000000800000000)
  region size 2048K, 7 young (14336K), 7 survivors (14336K)
 Metaspace       used 51542K, committed 52416K, reserved 1114112K
  class space    used 6424K, committed 6848K, reserved 1048576K
}
Event: 10113.155 GC heap before
{Heap before GC invocations=1178 (full 0):
 garbage-first heap   total 372736K, used 333001K [0x0000000704400000, 0x0000000800000000)
  region size 2048K, 86 young (176128K), 7 survivors (14336K)
 Metaspace       used 51542K, committed 52416K, reserved 1114112K
  class space    used 6424K, committed 6848K, reserved 1048576K
}
Event: 10113.166 GC heap after
{Heap after GC invocations=1179 (full 0):
 garbage-first heap   total 372736K, used 174327K [0x0000000704400000, 0x0000000800000000)
  region size 2048K, 7 young (14336K), 7 survivors (14336K)
 Metaspace       used 51542K, committed 52416K, reserved 1114112K
  class space    used 6424K, committed 6848K, reserved 1048576K
}

